<?xml version="1.0" encoding="UTF-8"?>
<testsuite xmlns:xsi="http://www.w3.org/2001/XMLSchema-instance" xsi:noNamespaceSchemaLocation="https://maven.apache.org/surefire/maven-surefire-plugin/xsd/surefire-test-report.xsd" name="org.apache.maven.plugins.javadoc.AggregatorJavadocReportTest" time="3.067" tests="2" errors="0" skipped="0" failures="0">
  <properties>
    <property name="sun.desktop" value="windows"/>
    <property name="awt.toolkit" value="sun.awt.windows.WToolkit"/>
    <property name="file.encoding.pkg" value="sun.io"/>
    <property name="java.specification.version" value="1.8"/>
    <property name="sun.cpu.isalist" value="amd64"/>
    <property name="sun.jnu.encoding" value="Cp1252"/>
    <property name="java.class.path" value="E:\bai_tap\program\lab5\maven-javadoc-plugin-3.2.0\target\test-classes;E:\bai_tap\program\lab5\maven-javadoc-plugin-3.2.0\target\classes;C:\Users\the7u\.m2\repository\org\apache\maven\maven-compat\3.0\maven-compat-3.0.jar;C:\Users\the7u\.m2\repository\org\apache\maven\maven-model-builder\3.0\maven-model-builder-3.0.jar;C:\Users\the7u\.m2\repository\org\codehaus\plexus\plexus-interpolation\1.14\plexus-interpolation-1.14.jar;C:\Users\the7u\.m2\repository\org\sonatype\sisu\sisu-inject-plexus\1.4.2\sisu-inject-plexus-1.4.2.jar;C:\Users\the7u\.m2\repository\org\sonatype\sisu\sisu-inject-bean\1.4.2\sisu-inject-bean-1.4.2.jar;C:\Users\the7u\.m2\repository\org\sonatype\sisu\sisu-guice\2.1.7\sisu-guice-2.1.7-noaop.jar;C:\Users\the7u\.m2\repository\org\apache\maven\maven-core\3.0\maven-core-3.0.jar;C:\Users\the7u\.m2\repository\org\apache\maven\maven-settings-builder\3.0\maven-settings-builder-3.0.jar;C:\Users\the7u\.m2\repository\org\apache\maven\maven-repository-metadata\3.0\maven-repository-metadata-3.0.jar;C:\Users\the7u\.m2\repository\org\apache\maven\maven-aether-provider\3.0\maven-aether-provider-3.0.jar;C:\Users\the7u\.m2\repository\org\sonatype\aether\aether-impl\1.13.1\aether-impl-1.13.1.jar;C:\Users\the7u\.m2\repository\org\sonatype\aether\aether-api\1.13.1\aether-api-1.13.1.jar;C:\Users\the7u\.m2\repository\org\sonatype\aether\aether-util\1.13.1\aether-util-1.13.1.jar;C:\Users\the7u\.m2\repository\org\codehaus\plexus\plexus-classworlds\2.2.3\plexus-classworlds-2.2.3.jar;C:\Users\the7u\.m2\repository\org\sonatype\plexus\plexus-sec-dispatcher\1.3\plexus-sec-dispatcher-1.3.jar;C:\Users\the7u\.m2\repository\org\sonatype\plexus\plexus-cipher\1.4\plexus-cipher-1.4.jar;C:\Users\the7u\.m2\repository\org\apache\maven\maven-model\3.0\maven-model-3.0.jar;C:\Users\the7u\.m2\repository\org\apache\maven\maven-settings\3.0\maven-settings-3.0.jar;C:\Users\the7u\.m2\repository\org\apache\maven\maven-plugin-api\3.0\maven-plugin-api-3.0.jar;C:\Users\the7u\.m2\repository\org\apache\maven\maven-artifact\3.0\maven-artifact-3.0.jar;C:\Users\the7u\.m2\repository\org\apache\maven\plugin-tools\maven-plugin-annotations\3.5.2\maven-plugin-annotations-3.5.2.jar;C:\Users\the7u\.m2\repository\org\codehaus\plexus\plexus-component-annotations\2.0.0\plexus-component-annotations-2.0.0.jar;C:\Users\the7u\.m2\repository\org\apache\maven\reporting\maven-reporting-api\3.0\maven-reporting-api-3.0.jar;C:\Users\the7u\.m2\repository\org\apache\maven\maven-archiver\3.5.0\maven-archiver-3.5.0.jar;C:\Users\the7u\.m2\repository\org\apache\maven\shared\maven-shared-utils\3.2.1\maven-shared-utils-3.2.1.jar;C:\Users\the7u\.m2\repository\org\apache\maven\shared\maven-invoker\3.0.0\maven-invoker-3.0.0.jar;C:\Users\the7u\.m2\repository\org\apache\maven\shared\maven-common-artifact-filters\3.0.0\maven-common-artifact-filters-3.0.0.jar;C:\Users\the7u\.m2\repository\org\apache\maven\shared\maven-artifact-transfer\0.10.1\maven-artifact-transfer-0.10.1.jar;C:\Users\the7u\.m2\repository\commons-codec\commons-codec\1.11\commons-codec-1.11.jar;C:\Users\the7u\.m2\repository\org\slf4j\slf4j-api\1.7.5\slf4j-api-1.7.5.jar;C:\Users\the7u\.m2\repository\org\apache\maven\doxia\doxia-sink-api\1.7\doxia-sink-api-1.7.jar;C:\Users\the7u\.m2\repository\org\apache\maven\doxia\doxia-logging-api\1.7\doxia-logging-api-1.7.jar;C:\Users\the7u\.m2\repository\org\apache\maven\doxia\doxia-site-renderer\1.9.2\doxia-site-renderer-1.9.2.jar;C:\Users\the7u\.m2\repository\org\apache\maven\doxia\doxia-core\1.9.1\doxia-core-1.9.1.jar;C:\Users\the7u\.m2\repository\org\apache\maven\doxia\doxia-decoration-model\1.9.2\doxia-decoration-model-1.9.2.jar;C:\Users\the7u\.m2\repository\org\apache\maven\doxia\doxia-skin-model\1.9.2\doxia-skin-model-1.9.2.jar;C:\Users\the7u\.m2\repository\org\apache\maven\doxia\doxia-module-xhtml\1.9.1\doxia-module-xhtml-1.9.1.jar;C:\Users\the7u\.m2\repository\org\apache\maven\doxia\doxia-module-xhtml5\1.9.1\doxia-module-xhtml5-1.9.1.jar;C:\Users\the7u\.m2\repository\org\codehaus\plexus\plexus-i18n\1.0-beta-10\plexus-i18n-1.0-beta-10.jar;C:\Users\the7u\.m2\repository\org\codehaus\plexus\plexus-container-default\1.0-alpha-30\plexus-container-default-1.0-alpha-30.jar;C:\Users\the7u\.m2\repository\org\codehaus\plexus\plexus-velocity\1.2\plexus-velocity-1.2.jar;C:\Users\the7u\.m2\repository\org\apache\velocity\velocity\1.7\velocity-1.7.jar;C:\Users\the7u\.m2\repository\commons-lang\commons-lang\2.4\commons-lang-2.4.jar;C:\Users\the7u\.m2\repository\org\apache\velocity\velocity-tools\2.0\velocity-tools-2.0.jar;C:\Users\the7u\.m2\repository\commons-beanutils\commons-beanutils\1.7.0\commons-beanutils-1.7.0.jar;C:\Users\the7u\.m2\repository\commons-digester\commons-digester\1.8\commons-digester-1.8.jar;C:\Users\the7u\.m2\repository\commons-chain\commons-chain\1.1\commons-chain-1.1.jar;C:\Users\the7u\.m2\repository\dom4j\dom4j\1.1\dom4j-1.1.jar;C:\Users\the7u\.m2\repository\oro\oro\2.0.8\oro-2.0.8.jar;C:\Users\the7u\.m2\repository\commons-collections\commons-collections\3.2.2\commons-collections-3.2.2.jar;C:\Users\the7u\.m2\repository\org\apache\maven\wagon\wagon-provider-api\2.4\wagon-provider-api-2.4.jar;C:\Users\the7u\.m2\repository\org\apache\commons\commons-lang3\3.5\commons-lang3-3.5.jar;C:\Users\the7u\.m2\repository\commons-io\commons-io\2.5\commons-io-2.5.jar;C:\Users\the7u\.m2\repository\org\apache\httpcomponents\httpclient\4.5.8\httpclient-4.5.8.jar;C:\Users\the7u\.m2\repository\org\apache\httpcomponents\httpcore\4.4.11\httpcore-4.4.11.jar;C:\Users\the7u\.m2\repository\commons-logging\commons-logging\1.2\commons-logging-1.2.jar;C:\Users\the7u\.m2\repository\com\thoughtworks\qdox\qdox\2.0-M10\qdox-2.0-M10.jar;C:\Users\the7u\.m2\repository\org\codehaus\plexus\plexus-java\1.0.5\plexus-java-1.0.5.jar;C:\Users\the7u\.m2\repository\org\ow2\asm\asm\7.2\asm-7.2.jar;C:\Users\the7u\.m2\repository\org\codehaus\plexus\plexus-archiver\4.2.1\plexus-archiver-4.2.1.jar;C:\Users\the7u\.m2\repository\org\apache\commons\commons-compress\1.19\commons-compress-1.19.jar;C:\Users\the7u\.m2\repository\org\iq80\snappy\snappy\0.4\snappy-0.4.jar;C:\Users\the7u\.m2\repository\org\tukaani\xz\1.8\xz-1.8.jar;C:\Users\the7u\.m2\repository\org\codehaus\plexus\plexus-io\3.2.0\plexus-io-3.2.0.jar;C:\Users\the7u\.m2\repository\org\codehaus\plexus\plexus-utils\3.3.0\plexus-utils-3.3.0.jar;C:\Users\the7u\.m2\repository\org\codehaus\plexus\plexus-interactivity-api\1.0-alpha-6\plexus-interactivity-api-1.0-alpha-6.jar;C:\Users\the7u\.m2\repository\junit\junit\4.12\junit-4.12.jar;C:\Users\the7u\.m2\repository\org\hamcrest\hamcrest-core\1.3\hamcrest-core-1.3.jar;C:\Users\the7u\.m2\repository\junit-addons\junit-addons\1.4\junit-addons-1.4.jar;C:\Users\the7u\.m2\repository\xerces\xercesImpl\2.6.2\xercesImpl-2.6.2.jar;C:\Users\the7u\.m2\repository\xerces\xmlParserAPIs\2.6.2\xmlParserAPIs-2.6.2.jar;C:\Users\the7u\.m2\repository\org\apache\maven\plugin-testing\maven-plugin-testing-harness\2.1\maven-plugin-testing-harness-2.1.jar;C:\Users\the7u\.m2\repository\org\mortbay\jetty\jetty\6.1.25\jetty-6.1.25.jar;C:\Users\the7u\.m2\repository\org\mortbay\jetty\jetty-util\6.1.25\jetty-util-6.1.25.jar;C:\Users\the7u\.m2\repository\org\mortbay\jetty\servlet-api\2.5-20081211\servlet-api-2.5-20081211.jar;C:\Users\the7u\.m2\repository\org\mortbay\jetty\jetty-client\6.1.25\jetty-client-6.1.25.jar;C:\Users\the7u\.m2\repository\org\mortbay\jetty\jetty-sslengine\6.1.25\jetty-sslengine-6.1.25.jar;C:\Users\the7u\.m2\repository\org\mortbay\jetty\jetty-util5\6.1.25\jetty-util5-6.1.25.jar;C:\Users\the7u\.m2\repository\org\mockito\mockito-core\2.23.4\mockito-core-2.23.4.jar;C:\Users\the7u\.m2\repository\net\bytebuddy\byte-buddy\1.9.3\byte-buddy-1.9.3.jar;C:\Users\the7u\.m2\repository\net\bytebuddy\byte-buddy-agent\1.9.3\byte-buddy-agent-1.9.3.jar;C:\Users\the7u\.m2\repository\org\objenesis\objenesis\2.6\objenesis-2.6.jar;C:\Users\the7u\.m2\repository\org\sonatype\aether\aether-connector-wagon\1.13.1\aether-connector-wagon-1.13.1.jar;C:\Users\the7u\.m2\repository\org\sonatype\aether\aether-spi\1.13.1\aether-spi-1.13.1.jar;C:\Users\the7u\.m2\repository\org\apache\maven\wagon\wagon-http\2.4\wagon-http-2.4-shaded.jar;C:\Users\the7u\.m2\repository\org\apache\maven\wagon\wagon-http-shared4\2.4\wagon-http-shared4-2.4.jar;C:\Users\the7u\.m2\repository\org\jsoup\jsoup\1.7.1\jsoup-1.7.1.jar;"/>
    <property name="java.vm.vendor" value="Oracle Corporation"/>
    <property name="sun.arch.data.model" value="64"/>
    <property name="user.variant" value=""/>
    <property name="java.vendor.url" value="http://java.oracle.com/"/>
    <property name="user.timezone" value="Europe/Moscow"/>
    <property name="java.vm.specification.version" value="1.8"/>
    <property name="os.name" value="Windows 10"/>
    <property name="user.country" value="US"/>
    <property name="sun.java.launcher" value="SUN_STANDARD"/>
    <property name="sun.boot.library.path" value="C:\Program Files\OpenJDK\jdk-8.0.272.10-hotspot\jre\bin"/>
    <property name="sun.java.command" value="C:\Users\the7u\AppData\Local\Temp\surefire1592907342360968606\surefirebooter2438154812566737201.jar C:\Users\the7u\AppData\Local\Temp\surefire1592907342360968606 2021-03-06T19-05-55_540-jvmRun1 surefire3676268728081554991tmp surefire_02392689228052374377tmp"/>
    <property name="maven.home" value="D:\Program Files\JetBrains\IntelliJ IDEA 2020\plugins\maven\lib\maven3"/>
    <property name="surefire.test.class.path" value="E:\bai_tap\program\lab5\maven-javadoc-plugin-3.2.0\target\test-classes;E:\bai_tap\program\lab5\maven-javadoc-plugin-3.2.0\target\classes;C:\Users\the7u\.m2\repository\org\apache\maven\maven-compat\3.0\maven-compat-3.0.jar;C:\Users\the7u\.m2\repository\org\apache\maven\maven-model-builder\3.0\maven-model-builder-3.0.jar;C:\Users\the7u\.m2\repository\org\codehaus\plexus\plexus-interpolation\1.14\plexus-interpolation-1.14.jar;C:\Users\the7u\.m2\repository\org\sonatype\sisu\sisu-inject-plexus\1.4.2\sisu-inject-plexus-1.4.2.jar;C:\Users\the7u\.m2\repository\org\sonatype\sisu\sisu-inject-bean\1.4.2\sisu-inject-bean-1.4.2.jar;C:\Users\the7u\.m2\repository\org\sonatype\sisu\sisu-guice\2.1.7\sisu-guice-2.1.7-noaop.jar;C:\Users\the7u\.m2\repository\org\apache\maven\maven-core\3.0\maven-core-3.0.jar;C:\Users\the7u\.m2\repository\org\apache\maven\maven-settings-builder\3.0\maven-settings-builder-3.0.jar;C:\Users\the7u\.m2\repository\org\apache\maven\maven-repository-metadata\3.0\maven-repository-metadata-3.0.jar;C:\Users\the7u\.m2\repository\org\apache\maven\maven-aether-provider\3.0\maven-aether-provider-3.0.jar;C:\Users\the7u\.m2\repository\org\sonatype\aether\aether-impl\1.13.1\aether-impl-1.13.1.jar;C:\Users\the7u\.m2\repository\org\sonatype\aether\aether-api\1.13.1\aether-api-1.13.1.jar;C:\Users\the7u\.m2\repository\org\sonatype\aether\aether-util\1.13.1\aether-util-1.13.1.jar;C:\Users\the7u\.m2\repository\org\codehaus\plexus\plexus-classworlds\2.2.3\plexus-classworlds-2.2.3.jar;C:\Users\the7u\.m2\repository\org\sonatype\plexus\plexus-sec-dispatcher\1.3\plexus-sec-dispatcher-1.3.jar;C:\Users\the7u\.m2\repository\org\sonatype\plexus\plexus-cipher\1.4\plexus-cipher-1.4.jar;C:\Users\the7u\.m2\repository\org\apache\maven\maven-model\3.0\maven-model-3.0.jar;C:\Users\the7u\.m2\repository\org\apache\maven\maven-settings\3.0\maven-settings-3.0.jar;C:\Users\the7u\.m2\repository\org\apache\maven\maven-plugin-api\3.0\maven-plugin-api-3.0.jar;C:\Users\the7u\.m2\repository\org\apache\maven\maven-artifact\3.0\maven-artifact-3.0.jar;C:\Users\the7u\.m2\repository\org\apache\maven\plugin-tools\maven-plugin-annotations\3.5.2\maven-plugin-annotations-3.5.2.jar;C:\Users\the7u\.m2\repository\org\codehaus\plexus\plexus-component-annotations\2.0.0\plexus-component-annotations-2.0.0.jar;C:\Users\the7u\.m2\repository\org\apache\maven\reporting\maven-reporting-api\3.0\maven-reporting-api-3.0.jar;C:\Users\the7u\.m2\repository\org\apache\maven\maven-archiver\3.5.0\maven-archiver-3.5.0.jar;C:\Users\the7u\.m2\repository\org\apache\maven\shared\maven-shared-utils\3.2.1\maven-shared-utils-3.2.1.jar;C:\Users\the7u\.m2\repository\org\apache\maven\shared\maven-invoker\3.0.0\maven-invoker-3.0.0.jar;C:\Users\the7u\.m2\repository\org\apache\maven\shared\maven-common-artifact-filters\3.0.0\maven-common-artifact-filters-3.0.0.jar;C:\Users\the7u\.m2\repository\org\apache\maven\shared\maven-artifact-transfer\0.10.1\maven-artifact-transfer-0.10.1.jar;C:\Users\the7u\.m2\repository\commons-codec\commons-codec\1.11\commons-codec-1.11.jar;C:\Users\the7u\.m2\repository\org\slf4j\slf4j-api\1.7.5\slf4j-api-1.7.5.jar;C:\Users\the7u\.m2\repository\org\apache\maven\doxia\doxia-sink-api\1.7\doxia-sink-api-1.7.jar;C:\Users\the7u\.m2\repository\org\apache\maven\doxia\doxia-logging-api\1.7\doxia-logging-api-1.7.jar;C:\Users\the7u\.m2\repository\org\apache\maven\doxia\doxia-site-renderer\1.9.2\doxia-site-renderer-1.9.2.jar;C:\Users\the7u\.m2\repository\org\apache\maven\doxia\doxia-core\1.9.1\doxia-core-1.9.1.jar;C:\Users\the7u\.m2\repository\org\apache\maven\doxia\doxia-decoration-model\1.9.2\doxia-decoration-model-1.9.2.jar;C:\Users\the7u\.m2\repository\org\apache\maven\doxia\doxia-skin-model\1.9.2\doxia-skin-model-1.9.2.jar;C:\Users\the7u\.m2\repository\org\apache\maven\doxia\doxia-module-xhtml\1.9.1\doxia-module-xhtml-1.9.1.jar;C:\Users\the7u\.m2\repository\org\apache\maven\doxia\doxia-module-xhtml5\1.9.1\doxia-module-xhtml5-1.9.1.jar;C:\Users\the7u\.m2\repository\org\codehaus\plexus\plexus-i18n\1.0-beta-10\plexus-i18n-1.0-beta-10.jar;C:\Users\the7u\.m2\repository\org\codehaus\plexus\plexus-container-default\1.0-alpha-30\plexus-container-default-1.0-alpha-30.jar;C:\Users\the7u\.m2\repository\org\codehaus\plexus\plexus-velocity\1.2\plexus-velocity-1.2.jar;C:\Users\the7u\.m2\repository\org\apache\velocity\velocity\1.7\velocity-1.7.jar;C:\Users\the7u\.m2\repository\commons-lang\commons-lang\2.4\commons-lang-2.4.jar;C:\Users\the7u\.m2\repository\org\apache\velocity\velocity-tools\2.0\velocity-tools-2.0.jar;C:\Users\the7u\.m2\repository\commons-beanutils\commons-beanutils\1.7.0\commons-beanutils-1.7.0.jar;C:\Users\the7u\.m2\repository\commons-digester\commons-digester\1.8\commons-digester-1.8.jar;C:\Users\the7u\.m2\repository\commons-chain\commons-chain\1.1\commons-chain-1.1.jar;C:\Users\the7u\.m2\repository\dom4j\dom4j\1.1\dom4j-1.1.jar;C:\Users\the7u\.m2\repository\oro\oro\2.0.8\oro-2.0.8.jar;C:\Users\the7u\.m2\repository\commons-collections\commons-collections\3.2.2\commons-collections-3.2.2.jar;C:\Users\the7u\.m2\repository\org\apache\maven\wagon\wagon-provider-api\2.4\wagon-provider-api-2.4.jar;C:\Users\the7u\.m2\repository\org\apache\commons\commons-lang3\3.5\commons-lang3-3.5.jar;C:\Users\the7u\.m2\repository\commons-io\commons-io\2.5\commons-io-2.5.jar;C:\Users\the7u\.m2\repository\org\apache\httpcomponents\httpclient\4.5.8\httpclient-4.5.8.jar;C:\Users\the7u\.m2\repository\org\apache\httpcomponents\httpcore\4.4.11\httpcore-4.4.11.jar;C:\Users\the7u\.m2\repository\commons-logging\commons-logging\1.2\commons-logging-1.2.jar;C:\Users\the7u\.m2\repository\com\thoughtworks\qdox\qdox\2.0-M10\qdox-2.0-M10.jar;C:\Users\the7u\.m2\repository\org\codehaus\plexus\plexus-java\1.0.5\plexus-java-1.0.5.jar;C:\Users\the7u\.m2\repository\org\ow2\asm\asm\7.2\asm-7.2.jar;C:\Users\the7u\.m2\repository\org\codehaus\plexus\plexus-archiver\4.2.1\plexus-archiver-4.2.1.jar;C:\Users\the7u\.m2\repository\org\apache\commons\commons-compress\1.19\commons-compress-1.19.jar;C:\Users\the7u\.m2\repository\org\iq80\snappy\snappy\0.4\snappy-0.4.jar;C:\Users\the7u\.m2\repository\org\tukaani\xz\1.8\xz-1.8.jar;C:\Users\the7u\.m2\repository\org\codehaus\plexus\plexus-io\3.2.0\plexus-io-3.2.0.jar;C:\Users\the7u\.m2\repository\org\codehaus\plexus\plexus-utils\3.3.0\plexus-utils-3.3.0.jar;C:\Users\the7u\.m2\repository\org\codehaus\plexus\plexus-interactivity-api\1.0-alpha-6\plexus-interactivity-api-1.0-alpha-6.jar;C:\Users\the7u\.m2\repository\junit\junit\4.12\junit-4.12.jar;C:\Users\the7u\.m2\repository\org\hamcrest\hamcrest-core\1.3\hamcrest-core-1.3.jar;C:\Users\the7u\.m2\repository\junit-addons\junit-addons\1.4\junit-addons-1.4.jar;C:\Users\the7u\.m2\repository\xerces\xercesImpl\2.6.2\xercesImpl-2.6.2.jar;C:\Users\the7u\.m2\repository\xerces\xmlParserAPIs\2.6.2\xmlParserAPIs-2.6.2.jar;C:\Users\the7u\.m2\repository\org\apache\maven\plugin-testing\maven-plugin-testing-harness\2.1\maven-plugin-testing-harness-2.1.jar;C:\Users\the7u\.m2\repository\org\mortbay\jetty\jetty\6.1.25\jetty-6.1.25.jar;C:\Users\the7u\.m2\repository\org\mortbay\jetty\jetty-util\6.1.25\jetty-util-6.1.25.jar;C:\Users\the7u\.m2\repository\org\mortbay\jetty\servlet-api\2.5-20081211\servlet-api-2.5-20081211.jar;C:\Users\the7u\.m2\repository\org\mortbay\jetty\jetty-client\6.1.25\jetty-client-6.1.25.jar;C:\Users\the7u\.m2\repository\org\mortbay\jetty\jetty-sslengine\6.1.25\jetty-sslengine-6.1.25.jar;C:\Users\the7u\.m2\repository\org\mortbay\jetty\jetty-util5\6.1.25\jetty-util5-6.1.25.jar;C:\Users\the7u\.m2\repository\org\mockito\mockito-core\2.23.4\mockito-core-2.23.4.jar;C:\Users\the7u\.m2\repository\net\bytebuddy\byte-buddy\1.9.3\byte-buddy-1.9.3.jar;C:\Users\the7u\.m2\repository\net\bytebuddy\byte-buddy-agent\1.9.3\byte-buddy-agent-1.9.3.jar;C:\Users\the7u\.m2\repository\org\objenesis\objenesis\2.6\objenesis-2.6.jar;C:\Users\the7u\.m2\repository\org\sonatype\aether\aether-connector-wagon\1.13.1\aether-connector-wagon-1.13.1.jar;C:\Users\the7u\.m2\repository\org\sonatype\aether\aether-spi\1.13.1\aether-spi-1.13.1.jar;C:\Users\the7u\.m2\repository\org\apache\maven\wagon\wagon-http\2.4\wagon-http-2.4-shaded.jar;C:\Users\the7u\.m2\repository\org\apache\maven\wagon\wagon-http-shared4\2.4\wagon-http-shared4-2.4.jar;C:\Users\the7u\.m2\repository\org\jsoup\jsoup\1.7.1\jsoup-1.7.1.jar;"/>
    <property name="sun.cpu.endian" value="little"/>
    <property name="user.home" value="C:\Users\the7u"/>
    <property name="user.language" value="en"/>
    <property name="java.specification.vendor" value="Oracle Corporation"/>
    <property name="java.home" value="C:\Program Files\OpenJDK\jdk-8.0.272.10-hotspot\jre"/>
    <property name="basedir" value="E:\bai_tap\program\lab5\maven-javadoc-plugin-3.2.0"/>
    <property name="file.separator" value="\"/>
    <property name="line.separator" value="&#10;"/>
    <property name="java.vm.specification.vendor" value="Oracle Corporation"/>
    <property name="java.specification.name" value="Java Platform API Specification"/>
    <property name="java.awt.graphicsenv" value="sun.awt.Win32GraphicsEnvironment"/>
    <property name="surefire.real.class.path" value="C:\Users\the7u\AppData\Local\Temp\surefire1592907342360968606\surefirebooter2438154812566737201.jar"/>
    <property name="sun.boot.class.path" value="C:\Program Files\OpenJDK\jdk-8.0.272.10-hotspot\jre\lib\resources.jar;C:\Program Files\OpenJDK\jdk-8.0.272.10-hotspot\jre\lib\rt.jar;C:\Program Files\OpenJDK\jdk-8.0.272.10-hotspot\jre\lib\sunrsasign.jar;C:\Program Files\OpenJDK\jdk-8.0.272.10-hotspot\jre\lib\jsse.jar;C:\Program Files\OpenJDK\jdk-8.0.272.10-hotspot\jre\lib\jce.jar;C:\Program Files\OpenJDK\jdk-8.0.272.10-hotspot\jre\lib\charsets.jar;C:\Program Files\OpenJDK\jdk-8.0.272.10-hotspot\jre\lib\jfr.jar;C:\Program Files\OpenJDK\jdk-8.0.272.10-hotspot\jre\classes"/>
    <property name="user.script" value=""/>
    <property name="sun.management.compiler" value="HotSpot 64-Bit Tiered Compilers"/>
    <property name="java.runtime.version" value="1.8.0-272-b10"/>
    <property name="user.name" value="the7u"/>
    <property name="path.separator" value=";"/>
    <property name="os.version" value="10.0"/>
    <property name="java.endorsed.dirs" value="C:\Program Files\OpenJDK\jdk-8.0.272.10-hotspot\jre\lib\endorsed"/>
    <property name="java.runtime.name" value="OpenJDK Runtime Environment"/>
    <property name="file.encoding" value="Cp1252"/>
    <property name="java.vm.name" value="OpenJDK 64-Bit Server VM"/>
    <property name="localRepository" value="C:\Users\the7u\.m2\repository"/>
    <property name="java.vendor.url.bug" value="http://bugreport.sun.com/bugreport/"/>
    <property name="java.io.tmpdir" value="C:\Users\the7u\AppData\Local\Temp\"/>
    <property name="idea.version" value="2020.2.3"/>
    <property name="java.version" value="1.8.0-272"/>
    <property name="user.dir" value="E:\bai_tap\program\lab5\maven-javadoc-plugin-3.2.0"/>
    <property name="os.arch" value="amd64"/>
    <property name="java.vm.specification.name" value="Java Virtual Machine Specification"/>
    <property name="java.awt.printerjob" value="sun.awt.windows.WPrinterJob"/>
    <property name="sun.os.patch.level" value=""/>
    <property name="java.library.path" value="C:\Program Files\OpenJDK\jdk-8.0.272.10-hotspot\jre\bin;C:\WINDOWS\Sun\Java\bin;C:\WINDOWS\system32;C:\WINDOWS;C:\Program Files\OpenJDK\jdk-8.0.272.10-hotspot\bin;C:\Program Files\Common Files\Oracle\Java\javapath;C:\Program Files (x86)\Common Files\Oracle\Java\javapath;C:\WINDOWS\system32;C:\WINDOWS;C:\WINDOWS\System32\Wbem;C:\WINDOWS\System32\WindowsPowerShell\v1.0\;C:\WINDOWS\System32\OpenSSH\;C:\Program Files\NVIDIA Corporation\NVIDIA NvDLISR;C:\Program Files (x86)\NVIDIA Corporation\PhysX\Common;C:\Program Files\PuTTY\;C:\Users\the7u\AppData\Local\Microsoft\WindowsApps;C:\Users\the7u\AppData\Local\Programs\MiKTeX\miktex\bin\x64\;C:\Users\the7u\AppData\Local\GitHubDesktop\bin;."/>
    <property name="java.vm.info" value="mixed mode"/>
    <property name="java.vendor" value="OpenLogic-OpenJDK"/>
    <property name="java.vm.version" value="25.71-b10"/>
    <property name="https.protocols" value=""/>
    <property name="java.ext.dirs" value="C:\Program Files\OpenJDK\jdk-8.0.272.10-hotspot\jre\lib\ext;C:\WINDOWS\Sun\Java\lib\ext"/>
    <property name="sun.io.unicode.encoding" value="UnicodeLittle"/>
    <property name="java.class.version" value="52.0"/>
  </properties>
  <testcase name="testAggregateJavadocResources" classname="org.apache.maven.plugins.javadoc.AggregatorJavadocReportTest" time="1.651"/>
  <testcase name="testAggregate" classname="org.apache.maven.plugins.javadoc.AggregatorJavadocReportTest" time="1.415"/>
</testsuite>